Flutter crash report; please file at https://github.com/flutter/flutter/issues.

## command

flutter run --machine --target lib/main.dart -d emulator-5554 --track-widget-creation --start-paused

## exception

FileSystemException: FileSystemException: Cannot open file, path = '/Users/yanbinbin/Desktop/sykj_pjc/syk_innetsect/innetsect/android/local.properties' (OS Error: Permission denied, errno = 13)

```
#0      _File.throwIfError (dart:io/file_impl.dart:645:7)
#1      _File.openSync (dart:io/file_impl.dart:489:5)
#2      _File.writeAsBytesSync (dart:io/file_impl.dart:614:31)
#3      _File.writeAsStringSync (dart:io/file_impl.dart:638:5)
#4      ForwardingFile.writeAsStringSync (package:file/src/forwarding/forwarding_file.dart:154:16)
#5      SettingsFile.writeContents (package:flutter_tools/src/base/utils.dart:211:10)
#6      updateLocalProperties (package:flutter_tools/src/android/gradle_utils.dart:290:14)
#7      AndroidProject.ensureReadyForPlatformSpecificTooling (package:flutter_tools/src/project.dart:610:5)
#8      FlutterProject.ensureReadyForPlatformSpecificTooling (package:flutter_tools/src/project.dart:212:21)
#9      FlutterCommand.verifyThenRunCommand (package:flutter_tools/src/runner/flutter_command.dart:612:21)
<asynchronous suspension>
#10     FlutterCommand.run.<anonymous closure> (package:flutter_tools/src/runner/flutter_command.dart:522:33)
<asynchronous suspension>
#11     AppContext.run.<anonymous closure> (package:flutter_tools/src/base/context.dart:150:29)
#12     _rootRun (dart:async/zone.dart:1126:13)
#13     _CustomZone.run (dart:async/zone.dart:1023:19)
#14     _runZoned (dart:async/zone.dart:1518:10)
#15     runZoned (dart:async/zone.dart:1465:12)
#16     AppContext.run (package:flutter_tools/src/base/context.dart:149:18)
#17     FlutterCommand.run (package:flutter_tools/src/runner/flutter_command.dart:512:20)
#18     CommandRunner.runCommand (package:args/command_runner.dart:197:27)
#19     FlutterCommandRunner.runCommand.<anonymous closure> (package:flutter_tools/src/runner/flutter_command_runner.dart:333:21)
<asynchronous suspension>
#20     AppContext.run.<anonymous closure> (package:flutter_tools/src/base/context.dart:150:29)
#21     _rootRun (dart:async/zone.dart:1126:13)
#22     _CustomZone.run (dart:async/zone.dart:1023:19)
#23     _runZoned (dart:async/zone.dart:1518:10)
#24     runZoned (dart:async/zone.dart:1465:12)
#25     AppContext.run (package:flutter_tools/src/base/context.dart:149:18)
#26     FlutterCommandRunner.runCommand (package:flutter_tools/src/runner/flutter_command_runner.dart:284:19)
#27     CommandRunner.run.<anonymous closure> (package:args/command_runner.dart:112:25)
#28     new Future.sync (dart:async/future.dart:224:31)
#29     CommandRunner.run (package:args/command_runner.dart:112:14)
#30     FlutterCommandRunner.run (package:flutter_tools/src/runner/flutter_command_runner.dart:227:18)
#31     run.<anonymous closure>.<anonymous closure> (package:flutter_tools/runner.dart:64:22)
#32     _rootRun (dart:async/zone.dart:1126:13)
#33     _CustomZone.run (dart:async/zone.dart:1023:19)
#34     _runZoned (dart:async/zone.dart:1518:10)
#35     runZoned (dart:async/zone.dart:1502:12)
#36     run.<anonymous closure> (package:flutter_tools/runner.dart:62:18)
<asynchronous suspension>
#37     AppContext.run.<anonymous closure> (package:flutter_tools/src/base/context.dart:150:29)
#38     _rootRun (dart:async/zone.dart:1126:13)
#39     _CustomZone.run (dart:async/zone.dart:1023:19)
#40     _runZoned (dart:async/zone.dart:1518:10)
#41     runZoned (dart:async/zone.dart:1465:12)
#42     AppContext.run (package:flutter_tools/src/base/context.dart:149:18)
#43     runInContext (package:flutter_tools/src/context_runner.dart:64:24)
#44     run (package:flutter_tools/runner.dart:51:10)
#45     main (package:flutter_tools/executable.dart:65:9)
#46     main (file:///Applications/flutter/packages/flutter_tools/bin/flutter_tools.dart:8:3)
#47     _startIsolate.<anonymous closure> (dart:isolate-patch/isolate_patch.dart:305:32)
#48     _RawReceivePortImpl._handleMessage (dart:isolate-patch/isolate_patch.dart:174:12)
```

## flutter doctor

```
[✓] Flutter (Channel dev, v1.13.5, on Mac OS X 10.14.5 18F132, locale zh-Hans-CN)
    • Flutter version 1.13.5 at /Applications/flutter
    • Framework revision 41a911099b (4 days ago), 2019-12-19 13:48:02 -0800
    • Engine revision 0f90e6546b
    • Dart version 2.8.0 (build 2.8.0-dev.0.0 aa6709974d)

[!] Android toolchain - develop for Android devices (Android SDK version 28.0.3)
    • Android SDK at /Users/yanbinbin/Library/Android/sdk
    • Android NDK location not configured (optional; useful for native profiling support)
    • Platform android-28, build-tools 28.0.3
    • ANDROID_HOME = /Users/yanbinbin/Library/Android/sdk
    • Java binary at: /Applications/Android Studio.app/Contents/jre/jdk/Contents/Home/bin/java
    • Java version OpenJDK Runtime Environment (build 1.8.0_202-release-1483-b49-5587405)
    ! Some Android licenses not accepted.  To resolve this, run: flutter doctor --android-licenses

[✓] Xcode - develop for iOS and macOS (Xcode 11.3)
    • Xcode at /Applications/Xcode.app/Contents/Developer
    • Xcode 11.3, Build version 11C29
    • CocoaPods version 1.7.4

[✓] Android Studio (version 3.5)
    • Android Studio at /Applications/Android Studio.app/Contents
    • Flutter plugin version 40.2.2
    • Dart plugin version 191.8423
    • Java version OpenJDK Runtime Environment (build 1.8.0_202-release-1483-b49-5587405)

[✓] VS Code (version 1.41.1)
    • VS Code at /Applications/Visual Studio Code.app/Contents
    • Flutter extension version 3.7.1

[✓] Connected device (1 available)
    • Android SDK built for x86 • emulator-5554 • android-x86 • Android 9 (API 28) (emulator)

! Doctor found issues in 1 category.
```
